  LuaHelper.cpp
C:\Users\cobea\source\repos\Mia\Mia\LuaHelper.h(7,10): fatal error C1083: Cannot open include file: 'lua.hpp': No such file or directory
  main.cpp
C:\Users\cobea\source\repos\Mia\Mia\LuaHelper.h(7,10): fatal error C1083: Cannot open include file: 'lua.hpp': No such file or directory
  mia.cpp
C:\Users\cobea\source\repos\Mia\Mia\mia.cpp(115,23): warning C4101: 'instruction': unreferenced local variable
C:\Users\cobea\source\repos\Mia\Mia\mia.cpp(160,27): warning C4244: 'argument': conversion from 'uint16_t' to 'uint8_t', possible loss of data
C:\Users\cobea\source\repos\Mia\Mia\mia.cpp(201,19): warning C4244: '=': conversion from 'int16_t' to 'uint8_t', possible loss of data
C:\Users\cobea\source\repos\Mia\Mia\mia.cpp(270,5): error C4235: nonstandard extension used: '__asm' keyword not supported on this architecture
C:\Users\cobea\source\repos\Mia\Mia\mia.cpp(272,9): error C2065: 'mov': undeclared identifier
C:\Users\cobea\source\repos\Mia\Mia\mia.cpp(272,13): error C2146: syntax error: missing ';' before identifier 'ebx'
C:\Users\cobea\source\repos\Mia\Mia\mia.cpp(272,13): error C2065: 'ebx': undeclared identifier
C:\Users\cobea\source\repos\Mia\Mia\mia.cpp(273,9): error C2146: syntax error: missing ';' before identifier 'mov'
C:\Users\cobea\source\repos\Mia\Mia\mia.cpp(273,9): error C2065: 'mov': undeclared identifier
C:\Users\cobea\source\repos\Mia\Mia\mia.cpp(273,13): error C2146: syntax error: missing ';' before identifier 'ax'
C:\Users\cobea\source\repos\Mia\Mia\mia.cpp(273,13): error C2065: 'ax': undeclared identifier
C:\Users\cobea\source\repos\Mia\Mia\mia.cpp(273,21): error C3481: 'ebx': lambda capture variable not found
C:\Users\cobea\source\repos\Mia\Mia\mia.cpp(274,13): error C3260: 'identifier': skipping unexpected token(s) before lambda body
C:\Users\cobea\source\repos\Mia\Mia\mia.cpp(292,5): error C4235: nonstandard extension used: '__asm' keyword not supported on this architecture
C:\Users\cobea\source\repos\Mia\Mia\mia.cpp(290,1): error C3493: 'mia' cannot be implicitly captured because no default capture mode has been specified
C:\Users\cobea\source\repos\Mia\Mia\mia.cpp(295,1): error C3481: 'ebx': lambda capture variable not found
C:\Users\cobea\source\repos\Mia\Mia\mia.cpp(311,1): error C3493: 'mia' cannot be implicitly captured because no default capture mode has been specified
C:\Users\cobea\source\repos\Mia\Mia\mia.cpp(316,1): error C3481: 'ebx': lambda capture variable not found
C:\Users\cobea\source\repos\Mia\Mia\mia.cpp(330,1): error C3493: 'mia' cannot be implicitly captured because no default capture mode has been specified
C:\Users\cobea\source\repos\Mia\Mia\mia.cpp(335,1): error C3481: 'ebx': lambda capture variable not found
C:\Users\cobea\source\repos\Mia\Mia\mia.cpp(348,1): error C3493: 'mia' cannot be implicitly captured because no default capture mode has been specified
C:\Users\cobea\source\repos\Mia\Mia\mia.cpp(748,1): fatal error C1004: unexpected end-of-file found
  Generating Code...
